2023.10.03 22:32:44 INFO  Started: Metals version 1.0.1 in folders '/Users/gzoller/me/git/listzipper' for client Visual Studio Code 1.82.2.[0m
Oct 03, 2023 10:32:44 PM org.flywaydb.core.internal.license.VersionPrinter printVersionOnly
INFO: Flyway Community Edition 9.21.2 by Redgate
Oct 03, 2023 10:32:44 PM org.flywaydb.core.internal.license.VersionPrinter printVersion
INFO: See release notes here: https://rd.gt/416ObMi
Oct 03, 2023 10:32:44 PM org.flywaydb.core.internal.license.VersionPrinter printVersion
INFO: 
Oct 03, 2023 10:32:45 PM org.flywaydb.core.FlywayExecutor execute
INFO: Database: jdbc:h2:file:/Users/gzoller/me/git/listzipper/.metals/metals (H2 2.1)
Oct 03, 2023 10:32:45 PM org.flywaydb.core.internal.schemahistory.JdbcTableSchemaHistory allAppliedMigrations
INFO: Schema history table "PUBLIC"."flyway_schema_history" does not exist yet
Oct 03, 2023 10:32:45 PM org.flywaydb.core.internal.command.DbValidate validate
INFO: Successfully validated 4 migrations (execution time 00:00.015s)
Oct 03, 2023 10:32:45 PM org.flywaydb.core.internal.schemahistory.JdbcTableSchemaHistory create
INFO: Creating Schema History table "PUBLIC"."flyway_schema_history" ...
Oct 03, 2023 10:32:45 PM org.flywaydb.core.internal.command.DbMigrate migrateGroup
INFO: Current version of schema "PUBLIC": << Empty Schema >>
Oct 03, 2023 10:32:45 PM org.flywaydb.core.internal.command.DbMigrate doMigrateGroup
INFO: Migrating schema "PUBLIC" to version "1 - Create tables"
Oct 03, 2023 10:32:45 PM org.flywaydb.core.internal.command.DbMigrate doMigrateGroup
INFO: Migrating schema "PUBLIC" to version "2 - Server discovery"
Oct 03, 2023 10:32:45 PM org.flywaydb.core.internal.command.DbMigrate doMigrateGroup
INFO: Migrating schema "PUBLIC" to version "3 - Jar symbols"
Oct 03, 2023 10:32:45 PM org.flywaydb.core.internal.command.DbMigrate doMigrateGroup
INFO: Migrating schema "PUBLIC" to version "4 - Fingerprints"
Oct 03, 2023 10:32:45 PM org.flywaydb.core.internal.command.DbMigrate logSummary
INFO: Successfully applied 4 migrations to schema "PUBLIC", now at version v4 (execution time 00:00.011s)
2023.10.03 22:32:45 INFO  time: initialize in 0.47s[0m
2023.10.03 22:32:46 WARN  Build server is not auto-connectable.[0m
2023.10.03 22:33:00 WARN  no build target for: /Users/gzoller/me/git/listzipper/src/main/scala/co.blocke.listzipper/immutable/ListZipper.scala[0m
2023.10.03 22:33:01 INFO  no build target found for /Users/gzoller/me/git/listzipper/src/main/scala/co.blocke.listzipper/immutable/ListZipper.scala. Using presentation compiler with project's scala-library version: 3.3.0[0m
2023.10.03 22:33:03 INFO  time: code lens generation in 1.14s[0m
2023.10.03 22:33:06 WARN  no build target for: /Users/gzoller/me/git/listzipper/src/main/scala/co.blocke.listzipper/immutable/ListZipper.scala[0m
2023.10.03 22:34:02 WARN  no build target for: /Users/gzoller/me/git/listzipper/src/main/scala/co.blocke.collection/immutable/ListZipper.scala[0m
2023.10.03 22:34:58 WARN  no build target for: /Users/gzoller/me/git/listzipper/src/main/scala/co.blocke.collection/immutable/ListZipper.scala[0m
2023.10.03 22:35:07 WARN  no build target for: /Users/gzoller/me/git/listzipper/src/main/scala/co.blocke.collection/mutable/ListZipper.scala[0m
2023.10.03 22:35:20 WARN  no build target for: /Users/gzoller/me/git/listzipper/src/main/scala/co.blocke.collection/immutable/ListZipper.scala[0m
2023.10.03 22:35:20 WARN  no build target for: /Users/gzoller/me/git/listzipper/src/main/scala/co.blocke.collection/immutable/ListZipper.scala[0m
2023.10.03 22:35:28 WARN  no build target for: /Users/gzoller/me/git/listzipper/src/main/scala/co.blocke.collection/mutable/ListZipper.scala[0m
2023.10.03 22:35:41 WARN  no build target for: /Users/gzoller/me/git/listzipper/src/test/scala/co.blocke.listzipper/ImmutableSpec.scala[0m
2023.10.03 22:36:14 WARN  no build target for: /Users/gzoller/me/git/listzipper/src/test/scala/co.blocke.listzipper/ImmutableSpec.scala[0m
2023.10.03 22:36:40 WARN  no build target for: /Users/gzoller/me/git/listzipper/src/test/scala/co.blocke.listzipper/ImmutableSpec.scala[0m
2023.10.03 22:36:49 WARN  no build target for: /Users/gzoller/me/git/listzipper/src/test/scala/co.blocke.listzipper/ImmutableSpec.scala[0m
2023.10.03 22:37:10 WARN  no build target for: /Users/gzoller/me/git/listzipper/src/test/scala/co.blocke.listzipper/MutableSpec.scala[0m
2023.10.03 22:37:17 WARN  no build target for: /Users/gzoller/me/git/listzipper/src/test/scala/co.blocke.listzipper/MutableSpec.scala[0m
2023.10.03 22:38:14 WARN  no build target for: /Users/gzoller/me/git/listzipper/src/test/scala/co.blocke.listzipper/MutableSpec.scala[0m
2023.10.03 22:40:09 WARN  no build target for: /Users/gzoller/me/git/listzipper/src/test/scala/co.blocke.listzipper/ImmutableSpec.scala[0m
2023.10.03 22:40:13 WARN  no build target for: /Users/gzoller/me/git/listzipper/src/main/scala/co.blocke.collection/immutable/ListZipper.scala[0m
2023.10.03 22:42:27 WARN  no build target for: /Users/gzoller/me/git/listzipper/src/main/scala/co.blocke.collection/mutable/ListZipper.scala[0m
2023.10.03 22:42:44 WARN  no build target for: /Users/gzoller/me/git/listzipper/src/main/scala/co.blocke.collection/mutable/ListZipper.scala[0m
2023.10.03 22:42:47 WARN  no build target for: /Users/gzoller/me/git/listzipper/src/main/scala/co.blocke.collection/mutable/ListZipper.scala[0m
2023.10.03 22:42:52 WARN  no build target for: /Users/gzoller/me/git/listzipper/src/main/scala/co.blocke.collection/mutable/ListZipper.scala[0m
2023.10.03 22:43:39 WARN  no build target for: /Users/gzoller/me/git/listzipper/src/main/scala/co.blocke.collection/mutable/ListZipper.scala[0m
2023.10.03 22:44:03 WARN  no build target for: /Users/gzoller/me/git/listzipper/src/test/scala/co.blocke.listzipper/ImmutableSpec.scala[0m
2023.10.03 22:45:02 WARN  no build target for: /Users/gzoller/me/git/listzipper/src/test/scala/co.blocke.listzipper/MutableSpec.scala[0m
2023.10.03 22:45:07 WARN  no build target for: /Users/gzoller/me/git/listzipper/src/test/scala/co.blocke.listzipper/MutableSpec.scala[0m
